<?xml version="1.0" encoding="UTF-8"?>
<testsuite xmlns:xsi="http://www.w3.org/2001/XMLSchema-instance" xsi:noNamespaceSchemaLocation="https://maven.apache.org/surefire/maven-surefire-plugin/xsd/surefire-test-report.xsd" name="DemoBankingApp.ChequeProcessingTests" time="19.011" tests="63" errors="0" skipped="0" failures="0">
  <properties>
    <property name="java.specification.version" value="16"/>
    <property name="sun.cpu.isalist" value="amd64"/>
    <property name="sun.jnu.encoding" value="Cp1252"/>
    <property name="java.class.path" value="C:\Github\LiveDemo\target\test-classes;C:\Github\LiveDemo\target\classes;C:\Users\james\.m2\repository\org\junit\jupiter\junit-jupiter-api\5.4.2\junit-jupiter-api-5.4.2.jar;C:\Users\james\.m2\repository\org\apiguardian\apiguardian-api\1.0.0\apiguardian-api-1.0.0.jar;C:\Users\james\.m2\repository\org\opentest4j\opentest4j\1.1.1\opentest4j-1.1.1.jar;C:\Users\james\.m2\repository\org\junit\platform\junit-platform-commons\1.4.2\junit-platform-commons-1.4.2.jar;C:\Users\james\.m2\repository\org\junit\jupiter\junit-jupiter-params\5.4.2\junit-jupiter-params-5.4.2.jar;C:\Users\james\.m2\repository\junit\junit\4.12\junit-4.12.jar;C:\Users\james\.m2\repository\org\hamcrest\hamcrest-core\1.3\hamcrest-core-1.3.jar;C:\Users\james\.m2\repository\org\junit\jupiter\junit-jupiter-engine\5.4.2\junit-jupiter-engine-5.4.2.jar;C:\Users\james\.m2\repository\org\junit\platform\junit-platform-engine\1.4.2\junit-platform-engine-1.4.2.jar;C:\Users\james\.m2\repository\org\junit\vintage\junit-vintage-engine\5.4.2\junit-vintage-engine-5.4.2.jar;"/>
    <property name="java.vm.vendor" value="Oracle Corporation"/>
    <property name="sun.arch.data.model" value="64"/>
    <property name="user.variant" value=""/>
    <property name="java.vendor.url" value="https://java.oracle.com/"/>
    <property name="user.timezone" value="Pacific/Auckland"/>
    <property name="os.name" value="Windows 10"/>
    <property name="java.vm.specification.version" value="16"/>
    <property name="sun.java.launcher" value="SUN_STANDARD"/>
    <property name="user.country" value="NZ"/>
    <property name="sun.boot.library.path" value="C:\Program Files\Java\jdk-16\bin"/>
    <property name="sun.java.command" value="C:\Users\james\AppData\Local\Temp\surefire11705185280092495391\surefirebooter4583192608527254012.jar C:\Users\james\AppData\Local\Temp\surefire11705185280092495391 2021-03-19T08-41-42_003-jvmRun1 surefire14036709244515703904tmp surefire_013855068063219226671tmp"/>
    <property name="jdk.debug" value="release"/>
    <property name="surefire.test.class.path" value="C:\Github\LiveDemo\target\test-classes;C:\Github\LiveDemo\target\classes;C:\Users\james\.m2\repository\org\junit\jupiter\junit-jupiter-api\5.4.2\junit-jupiter-api-5.4.2.jar;C:\Users\james\.m2\repository\org\apiguardian\apiguardian-api\1.0.0\apiguardian-api-1.0.0.jar;C:\Users\james\.m2\repository\org\opentest4j\opentest4j\1.1.1\opentest4j-1.1.1.jar;C:\Users\james\.m2\repository\org\junit\platform\junit-platform-commons\1.4.2\junit-platform-commons-1.4.2.jar;C:\Users\james\.m2\repository\org\junit\jupiter\junit-jupiter-params\5.4.2\junit-jupiter-params-5.4.2.jar;C:\Users\james\.m2\repository\junit\junit\4.12\junit-4.12.jar;C:\Users\james\.m2\repository\org\hamcrest\hamcrest-core\1.3\hamcrest-core-1.3.jar;C:\Users\james\.m2\repository\org\junit\jupiter\junit-jupiter-engine\5.4.2\junit-jupiter-engine-5.4.2.jar;C:\Users\james\.m2\repository\org\junit\platform\junit-platform-engine\1.4.2\junit-platform-engine-1.4.2.jar;C:\Users\james\.m2\repository\org\junit\vintage\junit-vintage-engine\5.4.2\junit-vintage-engine-5.4.2.jar;"/>
    <property name="sun.cpu.endian" value="little"/>
    <property name="user.home" value="C:\Users\james"/>
    <property name="user.language" value="en"/>
    <property name="java.specification.vendor" value="Oracle Corporation"/>
    <property name="java.version.date" value="2021-03-16"/>
    <property name="java.home" value="C:\Program Files\Java\jdk-16"/>
    <property name="file.separator" value="\"/>
    <property name="basedir" value="C:\Github\LiveDemo"/>
    <property name="java.vm.compressedOopsMode" value="Zero based"/>
    <property name="line.separator" value="&#10;"/>
    <property name="java.vm.specification.vendor" value="Oracle Corporation"/>
    <property name="java.specification.name" value="Java Platform API Specification"/>
    <property name="surefire.real.class.path" value="C:\Users\james\AppData\Local\Temp\surefire11705185280092495391\surefirebooter4583192608527254012.jar"/>
    <property name="user.script" value=""/>
    <property name="sun.management.compiler" value="HotSpot 64-Bit Tiered Compilers"/>
    <property name="java.runtime.version" value="16+36-2231"/>
    <property name="user.name" value="james"/>
    <property name="path.separator" value=";"/>
    <property name="os.version" value="10.0"/>
    <property name="java.runtime.name" value="Java(TM) SE Runtime Environment"/>
    <property name="file.encoding" value="Cp1252"/>
    <property name="java.vm.name" value="Java HotSpot(TM) 64-Bit Server VM"/>
    <property name="localRepository" value="C:\Users\james\.m2\repository"/>
    <property name="java.vendor.url.bug" value="https://bugreport.java.com/bugreport/"/>
    <property name="java.io.tmpdir" value="C:\Users\james\AppData\Local\Temp\"/>
    <property name="java.version" value="16"/>
    <property name="user.dir" value="C:\Github\LiveDemo"/>
    <property name="os.arch" value="amd64"/>
    <property name="java.vm.specification.name" value="Java Virtual Machine Specification"/>
    <property name="sun.os.patch.level" value=""/>
    <property name="java.library.path" value="C:\Program Files\Java\jdk-16\bin;C:\Windows\Sun\Java\bin;C:\Windows\system32;C:\Windows;C:\Program Files\Common Files\Oracle\Java\javapath;C:\Windows\system32;C:\Windows;C:\Windows\System32\Wbem;C:\Windows\System32\WindowsPowerShell\v1.0\;C:\Windows\System32\OpenSSH\;C:\Program Files (x86)\NVIDIA Corporation\PhysX\Common;C:\Program Files\NVIDIA Corporation\NVIDIA NvDLISR;C:\Users\james\AppData\Local\Microsoft\WindowsApps;C:\Users\james\AppData\Local\GitHubDesktop\bin;C:\Users\james\AppData\Local\Programs\Microsoft VS Code\bin;."/>
    <property name="java.vm.info" value="mixed mode, sharing"/>
    <property name="java.vendor" value="Oracle Corporation"/>
    <property name="java.vm.version" value="16+36-2231"/>
    <property name="sun.io.unicode.encoding" value="UnicodeLittle"/>
    <property name="java.class.version" value="60.0"/>
  </properties>
  <testcase name="ChequeProcessingTest[1]" classname="DemoBankingApp.ChequeProcessingTests" time="0.294"/>
  <testcase name="ChequeProcessingTest[2]" classname="DemoBankingApp.ChequeProcessingTests" time="0.303"/>
  <testcase name="ChequeProcessingTest[3]" classname="DemoBankingApp.ChequeProcessingTests" time="0.301"/>
  <testcase name="ChequeProcessingTest[4]" classname="DemoBankingApp.ChequeProcessingTests" time="0.301"/>
  <testcase name="ChequeProcessingTest[5]" classname="DemoBankingApp.ChequeProcessingTests" time="0.302"/>
  <testcase name="ChequeProcessingTest[6]" classname="DemoBankingApp.ChequeProcessingTests" time="0.301"/>
  <testcase name="ChequeProcessingTest[7]" classname="DemoBankingApp.ChequeProcessingTests" time="0.301"/>
  <testcase name="ChequeProcessingTest[8]" classname="DemoBankingApp.ChequeProcessingTests" time="0.3"/>
  <testcase name="ChequeProcessingTest[9]" classname="DemoBankingApp.ChequeProcessingTests" time="0.301"/>
  <testcase name="ChequeProcessingTest[10]" classname="DemoBankingApp.ChequeProcessingTests" time="0.3"/>
  <testcase name="ChequeProcessingTest[11]" classname="DemoBankingApp.ChequeProcessingTests" time="0.302"/>
  <testcase name="ChequeProcessingTest[12]" classname="DemoBankingApp.ChequeProcessingTests" time="0.302"/>
  <testcase name="ChequeProcessingTest[13]" classname="DemoBankingApp.ChequeProcessingTests" time="0.302"/>
  <testcase name="ChequeProcessingTest[14]" classname="DemoBankingApp.ChequeProcessingTests" time="0.3"/>
  <testcase name="ChequeProcessingTest[15]" classname="DemoBankingApp.ChequeProcessingTests" time="0.301"/>
  <testcase name="ChequeProcessingTest[16]" classname="DemoBankingApp.ChequeProcessingTests" time="0.303"/>
  <testcase name="ChequeProcessingTest[17]" classname="DemoBankingApp.ChequeProcessingTests" time="0.302"/>
  <testcase name="ChequeProcessingTest[18]" classname="DemoBankingApp.ChequeProcessingTests" time="0.301"/>
  <testcase name="ChequeProcessingTest[19]" classname="DemoBankingApp.ChequeProcessingTests" time="0.301"/>
  <testcase name="ChequeProcessingTest[20]" classname="DemoBankingApp.ChequeProcessingTests" time="0.301"/>
  <testcase name="ChequeProcessingTest[21]" classname="DemoBankingApp.ChequeProcessingTests" time="0.301"/>
  <testcase name="ChequeProcessingTest[22]" classname="DemoBankingApp.ChequeProcessingTests" time="0.303"/>
  <testcase name="ChequeProcessingTest[23]" classname="DemoBankingApp.ChequeProcessingTests" time="0.303"/>
  <testcase name="ChequeProcessingTest[24]" classname="DemoBankingApp.ChequeProcessingTests" time="0.301"/>
  <testcase name="ChequeProcessingTest[25]" classname="DemoBankingApp.ChequeProcessingTests" time="0.3"/>
  <testcase name="ChequeProcessingTest[26]" classname="DemoBankingApp.ChequeProcessingTests" time="0.301"/>
  <testcase name="ChequeProcessingTest[27]" classname="DemoBankingApp.ChequeProcessingTests" time="0.303"/>
  <testcase name="ChequeProcessingTest[28]" classname="DemoBankingApp.ChequeProcessingTests" time="0.3"/>
  <testcase name="ChequeProcessingTest[29]" classname="DemoBankingApp.ChequeProcessingTests" time="0.301"/>
  <testcase name="ChequeProcessingTest[30]" classname="DemoBankingApp.ChequeProcessingTests" time="0.301"/>
  <testcase name="ChequeProcessingTest[31]" classname="DemoBankingApp.ChequeProcessingTests" time="0.303"/>
  <testcase name="ChequeProcessingTest[32]" classname="DemoBankingApp.ChequeProcessingTests" time="0.3"/>
  <testcase name="ChequeProcessingTest[33]" classname="DemoBankingApp.ChequeProcessingTests" time="0.301"/>
  <testcase name="ChequeProcessingTest[34]" classname="DemoBankingApp.ChequeProcessingTests" time="0.302"/>
  <testcase name="ChequeProcessingTest[35]" classname="DemoBankingApp.ChequeProcessingTests" time="0.302"/>
  <testcase name="ChequeProcessingTest[36]" classname="DemoBankingApp.ChequeProcessingTests" time="0.303"/>
  <testcase name="ChequeProcessingTest[37]" classname="DemoBankingApp.ChequeProcessingTests" time="0.3"/>
  <testcase name="ChequeProcessingTest[38]" classname="DemoBankingApp.ChequeProcessingTests" time="0.301"/>
  <testcase name="ChequeProcessingTest[39]" classname="DemoBankingApp.ChequeProcessingTests" time="0.301"/>
  <testcase name="ChequeProcessingTest[40]" classname="DemoBankingApp.ChequeProcessingTests" time="0.301"/>
  <testcase name="ChequeProcessingTest[41]" classname="DemoBankingApp.ChequeProcessingTests" time="0.301"/>
  <testcase name="ChequeProcessingTest[42]" classname="DemoBankingApp.ChequeProcessingTests" time="0.301"/>
  <testcase name="ChequeProcessingTest[43]" classname="DemoBankingApp.ChequeProcessingTests" time="0.303"/>
  <testcase name="ChequeProcessingTest[44]" classname="DemoBankingApp.ChequeProcessingTests" time="0.301"/>
  <testcase name="ChequeProcessingTest[45]" classname="DemoBankingApp.ChequeProcessingTests" time="0.3"/>
  <testcase name="ChequeProcessingTest[46]" classname="DemoBankingApp.ChequeProcessingTests" time="0.303"/>
  <testcase name="ChequeProcessingTest[47]" classname="DemoBankingApp.ChequeProcessingTests" time="0.301"/>
  <testcase name="ChequeProcessingTest[48]" classname="DemoBankingApp.ChequeProcessingTests" time="0.302"/>
  <testcase name="ChequeProcessingTest[49]" classname="DemoBankingApp.ChequeProcessingTests" time="0.302"/>
  <testcase name="ChequeProcessingTest[50]" classname="DemoBankingApp.ChequeProcessingTests" time="0.302"/>
  <testcase name="ChequeProcessingTest[51]" classname="DemoBankingApp.ChequeProcessingTests" time="0.301"/>
  <testcase name="ChequeProcessingTest[52]" classname="DemoBankingApp.ChequeProcessingTests" time="0.301"/>
  <testcase name="ChequeProcessingTest[53]" classname="DemoBankingApp.ChequeProcessingTests" time="0.301"/>
  <testcase name="ChequeProcessingTest[54]" classname="DemoBankingApp.ChequeProcessingTests" time="0.302"/>
  <testcase name="ChequeProcessingTest[55]" classname="DemoBankingApp.ChequeProcessingTests" time="0.3"/>
  <testcase name="ChequeProcessingTest[56]" classname="DemoBankingApp.ChequeProcessingTests" time="0.301"/>
  <testcase name="ChequeProcessingTestDummyFive" classname="DemoBankingApp.ChequeProcessingTests" time="0.302"/>
  <testcase name="ChequeProcessingTestDummyFour" classname="DemoBankingApp.ChequeProcessingTests" time="0.301"/>
  <testcase name="ChequeProcessingTestDummySeven" classname="DemoBankingApp.ChequeProcessingTests" time="0.302"/>
  <testcase name="ChequeProcessingTestDummyThree" classname="DemoBankingApp.ChequeProcessingTests" time="0.301"/>
  <testcase name="ChequeProcessingTestDummyOne" classname="DemoBankingApp.ChequeProcessingTests" time="0.302"/>
  <testcase name="ChequeProcessingTestDummySix" classname="DemoBankingApp.ChequeProcessingTests" time="0.302"/>
  <testcase name="ChequeProcessingTestDummyTwo" classname="DemoBankingApp.ChequeProcessingTests" time="0.301"/>
</testsuite>